<?xml version="1.0" encoding="UTF-8"?>
<testng-results ignored="0" total="5" passed="5" failed="0" skipped="0">
  <reporter-output>
  </reporter-output>
  <suite started-at="2022-11-10T13:12:02 NZDT" name="Default suite" finished-at="2022-11-10T13:13:32 NZDT" duration-ms="89305">
    <groups>
    </groups>
    <test started-at="2022-11-10T13:12:02 NZDT" name="Default test" finished-at="2022-11-10T13:13:32 NZDT" duration-ms="89305">
      <class name="com.hyr.Tests.FirstTest">
        <test-method is-config="true" signature="setup()[pri:0, instance:com.hyr.Tests.FirstTest@76b1e9b8]" started-at="2022-11-10T13:12:02 NZDT" name="setup" finished-at="2022-11-10T13:12:03 NZDT" duration-ms="156" status="PASS">
          <reporter-output>
          </reporter-output>
        </test-method> <!-- setup -->
        <test-method signature="NumberofCarsinMakeDropDown()[pri:0, instance:com.hyr.Tests.FirstTest@76b1e9b8]" started-at="2022-11-10T13:12:03 NZDT" name="NumberofCarsinMakeDropDown" finished-at="2022-11-10T13:12:21 NZDT" duration-ms="18144" status="PASS">
          <reporter-output>
          </reporter-output>
        </test-method> <!-- NumberofCarsinMakeDropDown -->
        <test-method is-config="true" signature="afterMethod(org.testng.ITestResult)[pri:0, instance:com.hyr.Tests.FirstTest@76b1e9b8]" started-at="2022-11-10T13:12:21 NZDT" name="afterMethod" finished-at="2022-11-10T13:12:21 NZDT" duration-ms="275" status="PASS">
          <params>
            <param index="0">
              <value>
                <![CDATA[[TestResult name=NumberofCarsinMakeDropDown status=SUCCESS method=FirstTest.NumberofCarsinMakeDropDown()[pri:0, instance:com.hyr.Tests.FirstTest@76b1e9b8] output={null}]]]>
              </value>
            </param>
          </params>
          <reporter-output>
          </reporter-output>
        </test-method> <!-- afterMethod -->
        <test-method signature="NumberofCarswithBMWBrandName()[pri:0, instance:com.hyr.Tests.FirstTest@76b1e9b8]" started-at="2022-11-10T13:12:21 NZDT" name="NumberofCarswithBMWBrandName" finished-at="2022-11-10T13:12:37 NZDT" duration-ms="15985" status="PASS">
          <reporter-output>
          </reporter-output>
        </test-method> <!-- NumberofCarswithBMWBrandName -->
        <test-method is-config="true" signature="afterMethod(org.testng.ITestResult)[pri:0, instance:com.hyr.Tests.FirstTest@76b1e9b8]" started-at="2022-11-10T13:12:37 NZDT" name="afterMethod" finished-at="2022-11-10T13:12:37 NZDT" duration-ms="22" status="PASS">
          <params>
            <param index="0">
              <value>
                <![CDATA[[TestResult name=NumberofCarswithBMWBrandName status=SUCCESS method=FirstTest.NumberofCarswithBMWBrandName()[pri:0, instance:com.hyr.Tests.FirstTest@76b1e9b8] output={null}]]]>
              </value>
            </param>
          </params>
          <reporter-output>
          </reporter-output>
        </test-method> <!-- afterMethod -->
        <test-method signature="NumberofCarswithFerrariBrandName()[pri:0, instance:com.hyr.Tests.FirstTest@76b1e9b8]" started-at="2022-11-10T13:12:37 NZDT" name="NumberofCarswithFerrariBrandName" finished-at="2022-11-10T13:12:57 NZDT" duration-ms="19630" status="PASS">
          <reporter-output>
          </reporter-output>
        </test-method> <!-- NumberofCarswithFerrariBrandName -->
        <test-method is-config="true" signature="afterMethod(org.testng.ITestResult)[pri:0, instance:com.hyr.Tests.FirstTest@76b1e9b8]" started-at="2022-11-10T13:12:57 NZDT" name="afterMethod" finished-at="2022-11-10T13:12:57 NZDT" duration-ms="34" status="PASS">
          <params>
            <param index="0">
              <value>
                <![CDATA[[TestResult name=NumberofCarswithFerrariBrandName status=SUCCESS method=FirstTest.NumberofCarswithFerrariBrandName()[pri:0, instance:com.hyr.Tests.FirstTest@76b1e9b8] output={null}]]]>
              </value>
            </param>
          </params>
          <reporter-output>
          </reporter-output>
        </test-method> <!-- afterMethod -->
        <test-method signature="NumberofCarswithHondaBrandName()[pri:0, instance:com.hyr.Tests.FirstTest@76b1e9b8]" started-at="2022-11-10T13:12:57 NZDT" name="NumberofCarswithHondaBrandName" finished-at="2022-11-10T13:13:14 NZDT" duration-ms="17689" status="PASS">
          <reporter-output>
          </reporter-output>
        </test-method> <!-- NumberofCarswithHondaBrandName -->
        <test-method is-config="true" signature="afterMethod(org.testng.ITestResult)[pri:0, instance:com.hyr.Tests.FirstTest@76b1e9b8]" started-at="2022-11-10T13:13:14 NZDT" name="afterMethod" finished-at="2022-11-10T13:13:14 NZDT" duration-ms="33" status="PASS">
          <params>
            <param index="0">
              <value>
                <![CDATA[[TestResult name=NumberofCarswithHondaBrandName status=SUCCESS method=FirstTest.NumberofCarswithHondaBrandName()[pri:0, instance:com.hyr.Tests.FirstTest@76b1e9b8] output={null}]]]>
              </value>
            </param>
          </params>
          <reporter-output>
          </reporter-output>
        </test-method> <!-- afterMethod -->
        <test-method signature="NumberofCarswithMazdaBrandName()[pri:0, instance:com.hyr.Tests.FirstTest@76b1e9b8]" started-at="2022-11-10T13:13:14 NZDT" name="NumberofCarswithMazdaBrandName" finished-at="2022-11-10T13:13:32 NZDT" duration-ms="17267" status="PASS">
          <reporter-output>
          </reporter-output>
        </test-method> <!-- NumberofCarswithMazdaBrandName -->
        <test-method is-config="true" signature="afterMethod(org.testng.ITestResult)[pri:0, instance:com.hyr.Tests.FirstTest@76b1e9b8]" started-at="2022-11-10T13:13:32 NZDT" name="afterMethod" finished-at="2022-11-10T13:13:32 NZDT" duration-ms="23" status="PASS">
          <params>
            <param index="0">
              <value>
                <![CDATA[[TestResult name=NumberofCarswithMazdaBrandName status=SUCCESS method=FirstTest.NumberofCarswithMazdaBrandName()[pri:0, instance:com.hyr.Tests.FirstTest@76b1e9b8] output={null}]]]>
              </value>
            </param>
          </params>
          <reporter-output>
          </reporter-output>
        </test-method> <!-- afterMethod -->
      </class> <!-- com.hyr.Tests.FirstTest -->
    </test> <!-- Default test -->
  </suite> <!-- Default suite -->
</testng-results>
