<?xml version="1.0" encoding="UTF-8"?>
<!-- Generated by org.testng.reporters.JUnitXMLReporter -->
<testsuite ignored="0" hostname="DESKTOP-M29K9HS" failures="0" tests="5" name="Default test" time="89.305" errors="0" timestamp="2022-11-10T13:13:32 NZDT">
  <testcase classname="com.hyr.Tests.FirstTest" name="NumberofCarsinMakeDropDown" time="18.144"/>
  <testcase classname="com.hyr.Tests.FirstTest" name="NumberofCarswithBMWBrandName" time="15.985"/>
  <testcase classname="com.hyr.Tests.FirstTest" name="NumberofCarswithFerrariBrandName" time="19.63"/>
  <testcase classname="com.hyr.Tests.FirstTest" name="NumberofCarswithHondaBrandName" time="17.689"/>
  <testcase classname="com.hyr.Tests.FirstTest" name="NumberofCarswithMazdaBrandName" time="17.267"/>
</testsuite> <!-- Default test -->
